<?xml version="1.0" encoding="UTF-8"?>
<!-- Generated by org.testng.reporters.JUnitReportReporter -->
<testsuite skipped="0" hostname="DESKTOP-J8P8F9C" name="tests.TC003_VerifyLinksAndOpenInNewTab_HtmlcontactformPage_Timy" tests="1" failures="0" timestamp="07 Apr 2020 10:55:07 GMT" time="29.397" errors="0">
  <testcase name="verifyLinksAndOpenInNewTab" time="29.397" classname="tests.TC003_VerifyLinksAndOpenInNewTab_HtmlcontactformPage_Timy"/>
</testsuite> <!-- tests.TC003_VerifyLinksAndOpenInNewTab_HtmlcontactformPage_Timy -->
