<?xml version="1.0" encoding="UTF-8"?>
<!-- Generated by org.testng.reporters.JUnitReportReporter -->
<testsuite skipped="0" hostname="DESKTOP-J8P8F9C" name="tests.TC002_Fill_Contact_Form_HtmlcontactformPage_Timy" tests="1" failures="0" timestamp="21 Apr 2020 04:53:18 GMT" time="8.400" errors="0">
  <testcase name="fillForm" time="8.400" classname="tests.TC002_Fill_Contact_Form_HtmlcontactformPage_Timy"/>
</testsuite> <!-- tests.TC002_Fill_Contact_Form_HtmlcontactformPage_Timy -->
