<?xml version="1.0" encoding="UTF-8"?>
<!-- Generated by org.testng.reporters.JUnitReportReporter -->
<testsuite skipped="0" hostname="DESKTOP-J8P8F9C" name="tests.click_Item_And_Print_Item_Name_Timy" tests="1" failures="0" timestamp="03 Apr 2020 09:00:33 GMT" time="21.174" errors="0">
  <testcase name="clickAndPrintItem" time="21.174" classname="tests.click_Item_And_Print_Item_Name_Timy"/>
</testsuite> <!-- tests.click_Item_And_Print_Item_Name_Timy -->
