<?xml version="1.0" encoding="UTF-8"?>
<!-- Generated by org.testng.reporters.JUnitReportReporter -->
<testsuite skipped="0" hostname="DESKTOP-J8P8F9C" name="tests.TC004_DragAndDrop_DroppablePage_Timy" tests="1" failures="0" timestamp="21 Apr 2020 05:01:17 GMT" time="14.581" errors="0">
  <testcase name="clickAndPrintItem" time="14.581" classname="tests.TC004_DragAndDrop_DroppablePage_Timy"/>
</testsuite> <!-- tests.TC004_DragAndDrop_DroppablePage_Timy -->
