<?xml version="1.0" encoding="UTF-8"?>
<!-- Generated by org.testng.reporters.JUnitReportReporter -->
<testsuite skipped="0" hostname="DESKTOP-J8P8F9C" name="tests.TC006_Select_All_Dropdown_Values_Timy" tests="1" failures="0" timestamp="13 Apr 2020 05:08:29 GMT" time="130.866" errors="0">
  <testcase name="clickAndPrintItem" time="130.866" classname="tests.TC006_Select_All_Dropdown_Values_Timy"/>
</testsuite> <!-- tests.TC006_Select_All_Dropdown_Values_Timy -->
