<?xml version="1.0" encoding="UTF-8"?>
<!-- Generated by org.testng.reporters.JUnitReportReporter -->
<testsuite skipped="0" hostname="DESKTOP-J8P8F9C" name="tests.TC009_BookOneWayFlight_UsingMakeMytrip" tests="1" failures="0" timestamp="17 Apr 2020 18:09:07 GMT" time="53.697" errors="0">
  <testcase name="bookFlightsRoundTrip" time="53.697" classname="tests.TC009_BookOneWayFlight_UsingMakeMytrip"/>
</testsuite> <!-- tests.TC009_BookOneWayFlight_UsingMakeMytrip -->
