<?xml version="1.0" encoding="UTF-8"?>
<!-- Generated by org.testng.reporters.JUnitReportReporter -->
<testsuite skipped="0" hostname="DESKTOP-J8P8F9C" name="tests.TC008_Olay_Registration_Timy" tests="1" failures="0" timestamp="20 Apr 2020 17:38:18 GMT" time="15.547" errors="0">
  <testcase name="verifyForgotPassword" time="15.547" classname="tests.TC008_Olay_Registration_Timy"/>
</testsuite> <!-- tests.TC008_Olay_Registration_Timy -->
