<?xml version="1.0" encoding="UTF-8"?>
<!-- Generated by org.testng.reporters.JUnitReportReporter -->
<testsuite skipped="0" hostname="DESKTOP-J8P8F9C" name="tests.TC007_Automate_Rental_Car_Block_Timy" tests="1" failures="0" timestamp="15 Apr 2020 13:19:09 GMT" time="22.565" errors="0">
  <testcase name="clickAndPrintItem" time="22.565" classname="tests.TC007_Automate_Rental_Car_Block_Timy"/>
</testsuite> <!-- tests.TC007_Automate_Rental_Car_Block_Timy -->
